<?xml version="1.0" encoding="UTF-8"?>
<!-- Generated by org.testng.reporters.JUnitReportReporter -->
<testsuite hostname="LAPTOP-2A637EBH" failures="0" tests="1" name="TestNG.Example.NewTest" time="0.904" errors="0" timestamp="2023-01-29T02:18:56 EST" skipped="0">
  <testcase classname="TestNG.Example.NewTest" name="myTestMethod" time="0.904"/>
  <system-out/>
</testsuite> <!-- TestNG.Example.NewTest -->
